# JRE version: OpenJDK Runtime Environment (8.0_292-b10) (build 1.8.0_292-b10)
# Java VM: OpenJDK 64-Bit Server VM (25.292-b10 mixed mode bsd-amd64 compressed oops)
Heap:
 PSYoungGen      total 461312K, used 263634K [0x000000076ab00000, 0x000000078c800000, 0x00000007c0000000)
  eden space 393216K, 61% used [0x000000076ab00000,0x00000007795b2258,0x0000000782b00000)
  from space 68096K, 34% used [0x0000000787500000,0x0000000788bc26e8,0x000000078b780000)
  to   space 75776K, 0% used [0x0000000782b00000,0x0000000782b00000,0x0000000787500000)
 ParOldGen       total 312320K, used 139598K [0x00000006c0000000, 0x00000006d3100000, 0x000000076ab00000)
  object space 312320K, 44% used [0x00000006c0000000,0x00000006c8853af8,0x00000006d3100000)
 Metaspace       used 28060K, capacity 29300K, committed 29440K, reserved 1075200K
  class space    used 3280K, capacity 3723K, committed 3840K, reserved 1048576K
GC Heap History (10 events):
Event: 4.658 GC heap before
{Heap before GC invocations=8 (full 1):
 PSYoungGen      total 224256K, used 224018K [0x000000076ab00000, 0x000000077d880000, 0x00000007c0000000)
  eden space 204288K, 100% used [0x000000076ab00000,0x0000000777280000,0x0000000777280000)
  from space 19968K, 98% used [0x000000077c500000,0x000000077d844ac8,0x000000077d880000)
  to   space 27136K, 0% used [0x000000077a380000,0x000000077a380000,0x000000077be00000)
 ParOldGen       total 139776K, used 31364K [0x00000006c0000000, 0x00000006c8880000, 0x000000076ab00000)
  object space 139776K, 22% used [0x00000006c0000000,0x00000006c1ea10a8,0x00000006c8880000)
 Metaspace       used 26718K, capacity 27830K, committed 28032K, reserved 1073152K
  class space    used 3186K, capacity 3595K, committed 3712K, reserved 1048576K
Event: 4.682 GC heap after
Heap after GC invocations=8 (full 1):
 PSYoungGen      total 281600K, used 27112K [0x000000076ab00000, 0x0000000781c00000, 0x00000007c0000000)
  eden space 254464K, 0% used [0x000000076ab00000,0x000000076ab00000,0x000000077a380000)
  from space 27136K, 99% used [0x000000077a380000,0x000000077bdfa2f8,0x000000077be00000)
  to   space 32256K, 0% used [0x000000077fc80000,0x000000077fc80000,0x0000000781c00000)
 ParOldGen       total 139776K, used 33788K [0x00000006c0000000, 0x00000006c8880000, 0x000000076ab00000)
  object space 139776K, 24% used [0x00000006c0000000,0x00000006c20ff328,0x00000006c8880000)
 Metaspace       used 26718K, capacity 27830K, committed 28032K, reserved 1073152K
  class space    used 3186K, capacity 3595K, committed 3712K, reserved 1048576K
}
Event: 5.716 GC heap before
{Heap before GC invocations=9 (full 1):
 PSYoungGen      total 281600K, used 281576K [0x000000076ab00000, 0x0000000781c00000, 0x00000007c0000000)
  eden space 254464K, 100% used [0x000000076ab00000,0x000000077a380000,0x000000077a380000)
  from space 27136K, 99% used [0x000000077a380000,0x000000077bdfa2f8,0x000000077be00000)
  to   space 32256K, 0% used [0x000000077fc80000,0x000000077fc80000,0x0000000781c00000)
 ParOldGen       total 139776K, used 33788K [0x00000006c0000000, 0x00000006c8880000, 0x000000076ab00000)
  object space 139776K, 24% used [0x00000006c0000000,0x00000006c20ff328,0x00000006c8880000)
 Metaspace       used 26873K, capacity 28004K, committed 28288K, reserved 1073152K
  class space    used 3189K, capacity 3600K, committed 3712K, reserved 1048576K
Event: 5.790 GC heap after
Heap after GC invocations=9 (full 1):
 PSYoungGen      total 328192K, used 32247K [0x000000076ab00000, 0x0000000789680000, 0x00000007c0000000)
  eden space 295936K, 0% used [0x000000076ab00000,0x000000076ab00000,0x000000077cc00000)
  from space 32256K, 99% used [0x000000077fc80000,0x0000000781bfdcd8,0x0000000781c00000)
  to   space 49664K, 0% used [0x000000077cc00000,0x000000077cc00000,0x000000077fc80000)
 ParOldGen       total 139776K, used 63728K [0x00000006c0000000, 0x00000006c8880000, 0x000000076ab00000)
  object space 139776K, 45% used [0x00000006c0000000,0x00000006c3e3c158,0x00000006c8880000)
 Metaspace       used 26873K, capacity 28004K, committed 28288K, reserved 1073152K
  class space    used 3189K, capacity 3600K, committed 3712K, reserved 1048576K
}
Event: 6.711 GC heap before
{Heap before GC invocations=10 (full 1):
 PSYoungGen      total 328192K, used 328183K [0x000000076ab00000, 0x0000000789680000, 0x00000007c0000000)
  eden space 295936K, 100% used [0x000000076ab00000,0x000000077cc00000,0x000000077cc00000)
  from space 32256K, 99% used [0x000000077fc80000,0x0000000781bfdcd8,0x0000000781c00000)
  to   space 49664K, 0% used [0x000000077cc00000,0x000000077cc00000,0x000000077fc80000)
 ParOldGen       total 139776K, used 63728K [0x00000006c0000000, 0x00000006c8880000, 0x000000076ab00000)
  object space 139776K, 45% used [0x00000006c0000000,0x00000006c3e3c158,0x00000006c8880000)
 Metaspace       used 26917K, capacity 28082K, committed 28288K, reserved 1073152K
  class space    used 3189K, capacity 3602K, committed 3712K, reserved 1048576K
Event: 6.753 GC heap after
Heap after GC invocations=10 (full 1):
 PSYoungGen      total 345600K, used 49651K [0x000000076ab00000, 0x000000078b780000, 0x00000007c0000000)
  eden space 295936K, 0% used [0x000000076ab00000,0x000000076ab00000,0x000000077cc00000)
  from space 49664K, 99% used [0x000000077cc00000,0x000000077fc7cfb8,0x000000077fc80000)
  to   space 68096K, 0% used [0x0000000787500000,0x0000000787500000,0x000000078b780000)
 ParOldGen       total 139776K, used 90951K [0x00000006c0000000, 0x00000006c8880000, 0x000000076ab00000)
  object space 139776K, 65% used [0x00000006c0000000,0x00000006c58d1cc8,0x00000006c8880000)
 Metaspace       used 26917K, capacity 28082K, committed 28288K, reserved 1073152K
  class space    used 3189K, capacity 3602K, committed 3712K, reserved 1048576K
}
Event: 7.820 GC heap before
{Heap before GC invocations=11 (full 1):
 PSYoungGen      total 345600K, used 345587K [0x000000076ab00000, 0x000000078b780000, 0x00000007c0000000)
  eden space 295936K, 100% used [0x000000076ab00000,0x000000077cc00000,0x000000077cc00000)
  from space 49664K, 99% used [0x000000077cc00000,0x000000077fc7cfb8,0x000000077fc80000)
  to   space 68096K, 0% used [0x0000000787500000,0x0000000787500000,0x000000078b780000)
 ParOldGen       total 139776K, used 90951K [0x00000006c0000000, 0x00000006c8880000, 0x000000076ab00000)
  object space 139776K, 65% used [0x00000006c0000000,0x00000006c58d1cc8,0x00000006c8880000)
 Metaspace       used 27674K, capacity 28884K, committed 29056K, reserved 1075200K
  class space    used 3243K, capacity 3681K, committed 3712K, reserved 1048576K
Event: 7.873 GC heap after
Heap after GC invocations=11 (full 1):
 PSYoungGen      total 461312K, used 60256K [0x000000076ab00000, 0x000000078c800000, 0x00000007c0000000)
  eden space 393216K, 0% used [0x000000076ab00000,0x000000076ab00000,0x0000000782b00000)
  from space 68096K, 88% used [0x0000000787500000,0x000000078afd81a0,0x000000078b780000)
  to   space 75776K, 0% used [0x0000000782b00000,0x0000000782b00000,0x0000000787500000)
 ParOldGen       total 139776K, used 109619K [0x00000006c0000000, 0x00000006c8880000, 0x000000076ab00000)
  object space 139776K, 78% used [0x00000006c0000000,0x00000006c6b0cd08,0x00000006c8880000)
 Metaspace       used 27674K, capacity 28884K, committed 29056K, reserved 1075200K
  class space    used 3243K, capacity 3681K, committed 3712K, reserved 1048576K
}
Event: 7.873 GC heap before
{Heap before GC invocations=12 (full 2):
 PSYoungGen      total 461312K, used 60256K [0x000000076ab00000, 0x000000078c800000, 0x00000007c0000000)
  eden space 393216K, 0% used [0x000000076ab00000,0x000000076ab00000,0x0000000782b00000)
  from space 68096K, 88% used [0x0000000787500000,0x000000078afd81a0,0x000000078b780000)
  to   space 75776K, 0% used [0x0000000782b00000,0x0000000782b00000,0x0000000787500000)
 ParOldGen       total 139776K, used 109619K [0x00000006c0000000, 0x00000006c8880000, 0x000000076ab00000)
  object space 139776K, 78% used [0x00000006c0000000,0x00000006c6b0cd08,0x00000006c8880000)
 Metaspace       used 27674K, capacity 28884K, committed 29056K, reserved 1075200K
  class space    used 3243K, capacity 3681K, committed 3712K, reserved 1048576K
Event: 8.211 GC heap after
Heap after GC invocations=12 (full 2):
 PSYoungGen      total 461312K, used 23305K [0x000000076ab00000, 0x000000078c800000, 0x00000007c0000000)
  eden space 393216K, 0% used [0x000000076ab00000,0x000000076ab00000,0x0000000782b00000)
  from space 68096K, 34% used [0x0000000787500000,0x0000000788bc26e8,0x000000078b780000)
  to   space 75776K, 0% used [0x0000000782b00000,0x0000000782b00000,0x0000000787500000)
 ParOldGen       total 312320K, used 139598K [0x00000006c0000000, 0x00000006d3100000, 0x000000076ab00000)
  object space 312320K, 44% used [0x00000006c0000000,0x00000006c8853af8,0x00000006d3100000)
 Metaspace       used 27622K, capacity 28814K, committed 29056K, reserved 1075200K
  class space    used 3239K, capacity 3667K, committed 3712K, reserved 1048576K
}

